[15:41:41] [main/INFO] (FabricLoader) Loading for game Minecraft 1.17.1
[15:41:42] [main/INFO] (Fabric|Loader) [FabricLoader] Loading 50 mods:
	- fabric@0.41.0+1.17
	- fabric-api-base@0.3.0+a02b446318
	- fabric-api-lookup-api-v1@1.3.0+cbda931818
	- fabric-biome-api-v1@3.2.0+cbda931818
	- fabric-blockrenderlayer-v1@1.1.5+a02b446318
	- fabric-command-api-v1@1.1.3+5ab9934c18
	- fabric-commands-v0@0.2.2+92519afa18
	- fabric-containers-v0@0.1.12+cbda931818
	- fabric-content-registries-v0@0.3.0+cbda931818
	- fabric-crash-report-info-v1@0.1.5+be9da31018
	- fabric-dimensions-v1@2.0.11+6cefd57718
	- fabric-entity-events-v1@1.3.0+57bef5a318
	- fabric-events-interaction-v0@0.4.10+fc40aa9d18
	- fabric-events-lifecycle-v0@0.2.1+92519afa18
	- fabric-game-rule-api-v1@1.0.7+cbda931818
	- fabric-gametest-api-v1@1.0.1+1bbccc7e18
	- fabric-item-api-v1@1.2.4+cbda931818
	- fabric-item-groups-v0@0.2.10+b7ab612118
	- fabric-key-binding-api-v1@1.0.4+cbda931818
	- fabric-keybindings-v0@0.2.2+36b77c3e18
	- fabric-lifecycle-events-v1@1.4.4+a02b446318
	- fabric-loot-tables-v1@1.0.4+a02b446318
	- fabric-mining-levels-v0@0.1.3+92519afa18
	- fabric-models-v0@0.3.0+a02b446318
	- fabric-networking-api-v1@1.0.13+cbda931818
	- fabric-networking-blockentity-v0@0.2.11+a02b446318
	- fabric-networking-v0@0.3.2+92519afa18
	- fabric-object-builder-api-v1@1.10.9+cbda931818
	- fabric-object-builders-v0@0.7.3+a02b446318
	- fabric-particles-v1@0.2.4+a02b446318
	- fabric-registry-sync-v0@0.7.11+7931163218
	- fabric-renderer-api-v1@0.4.4+cbda931818
	- fabric-renderer-indigo@0.4.8+cbda931818
	- fabric-renderer-registries-v1@3.2.4+7931163218
	- fabric-rendering-data-attachment-v1@0.1.5+a02b446318
	- fabric-rendering-fluids-v1@0.1.14+4658223018
	- fabric-rendering-v0@1.1.5+7931163218
	- fabric-rendering-v1@1.9.0+7931163218
	- fabric-resource-loader-v0@0.4.8+a00e834b18
	- fabric-screen-api-v1@1.0.4+cbda931818
	- fabric-screen-handler-api-v1@1.1.8+cbda931818
	- fabric-structure-api-v1@1.1.13+5ab9934c18
	- fabric-tag-extensions-v0@1.2.1+b06cb95b18
	- fabric-textures-v0@1.0.6+a02b446318
	- fabric-tool-attribute-api-v1@1.2.12+b7ab612118
	- fabric-transfer-api-v1@1.4.0+7931163218
	- fabricloader@0.11.7
	- java@16
	- minecraft@1.17.1
	- vanilla_plus@1.17.1-0.0.1
[15:41:42] [main/INFO] (mixin) SpongePowered MIXIN Subsystem Version=0.8.2 Source=file:/C:/Users/biral/.gradle/caches/modules-2/files-2.1/net.fabricmc/sponge-mixin/0.9.4+mixin.0.8.2/ef410951e94c7f4939cc74c86f8df371827818a4/sponge-mixin-0.9.4+mixin.0.8.2.jar Service=Knot/Fabric Env=CLIENT
[15:41:42] [main/INFO] (Fabric|MixinBootstrap) Loaded Fabric development mappings for mixin remapper!
[15:41:42] [main/INFO] (mixin) Compatibility level set to JAVA_16
[15:41:43] [main/WARN] (mixin) @Mixin target net/minecraft/server/world/ServerWorld$ServerEntityHandler is public in fabric-lifecycle-events-v1.mixins.json:ServerWorldEntityLoaderMixin and should be specified in value
[15:41:43] [main/WARN] (mixin) @Mixin target net/minecraft/client/world/ClientWorld$ClientEntityHandler is public in fabric-lifecycle-events-v1.mixins.json:client.ClientWorldEntityLoaderMixin and should be specified in value
[15:41:43] [main/WARN] (mixin) @Mixin target net/minecraft/client/render/block/BlockModelRenderer$AmbientOcclusionCalculator is public in fabric-renderer-indigo.mixins.json:MixinAmbientOcclusionCalculator and should be specified in value
[15:41:43] [main/WARN] (mixin) @Mixin target net/minecraft/client/render/chunk/ChunkBuilder$BuiltChunk$RebuildTask is public in fabric-renderer-indigo.mixins.json:MixinChunkRebuildTask and should be specified in value
[15:41:43] [main/WARN] (mixin) @Mixin target net/minecraft/server/network/ServerPlayNetworkHandler$1 is public in fabric-events-interaction-v0.mixins.json:MixinServerPlayNetworkHandler and should be specified in value
[15:41:43] [main/WARN] (mixin) @Mixin target net/minecraft/village/TradeOffers$TypeAwareBuyForOneEmeraldFactory is public in fabric-object-builder-v1.mixins.json:TypeAwareTradeMixin and should be specified in value
[15:41:43] [main/WARN] (mixin) @Mixin target net/minecraft/client/font/FontManager$1 is public in fabric-resource-loader-v0.mixins.json:client.FontManagerResourceReloadListenerMixin and should be specified in value
[15:41:43] [main/WARN] (mixin) @Mixin target net/minecraft/server/command/GameRuleCommand$1 is public in fabric-game-rule-api-v1.mixins.json:GameRuleCommandVisitorMixin and should be specified in value
[15:41:43] [main/WARN] (mixin) @Mixin target net/minecraft/client/gui/screen/world/EditGameRulesScreen$RuleListWidget$1 is public in fabric-game-rule-api-v1.mixins.json:client.RuleListWidgetVisitorMixin and should be specified in value
[15:41:43] [main/WARN] (mixin) @Mixin target net/minecraft/server/world/ThreadedAnvilChunkStorage$EntityTracker is public in fabric-networking-api-v1.mixins.json:accessor.EntityTrackerAccessor and should be specified in value
[15:41:43] [main/WARN] (mixin) @Mixin target net/minecraft/client/particle/ParticleManager$SimpleSpriteProvider is public in fabric-particles-v1.mixins.json:ParticleManagerAccessor$SimpleSpriteProviderAccessor and should be specified in value
[15:41:43] [main/WARN] (mixin) @Mixin target net/minecraft/data/server/AbstractTagProvider$ObjectBuilder is public in fabric-tag-extensions-v0.mixins.json:MixinObjectBuilder and should be specified in value
[15:41:43] [main/WARN] (mixin) @Mixin target net/minecraft/tag/RequiredTagList$TagWrapper is public in fabric-tag-extensions-v0.mixins.json:MixinTagImpl and should be specified in value
[15:41:44] [main/WARN] (FileUtil) Configuration conflict: there is more than one oshi.properties file on the classpath
[15:41:45] [main/WARN] (FileUtil) Configuration conflict: there is more than one oshi.architecture.properties file on the classpath
[15:41:53] [Render thread/INFO] (Minecraft) Environment: authHost='https://authserver.mojang.com', accountsHost='https://api.mojang.com', sessionHost='https://sessionserver.mojang.com', servicesHost='https://api.minecraftservices.com', name='PROD'
[15:41:54] [Render thread/ERROR] (Minecraft) Failed to verify authentication
com.mojang.authlib.exceptions.InvalidCredentialsException: Status: 401
	at com.mojang.authlib.exceptions.MinecraftClientHttpException.toAuthenticationException(MinecraftClientHttpException.java:56) ~[authlib-2.3.31.jar:?]
	at com.mojang.authlib.yggdrasil.YggdrasilSocialInteractionsService.checkPrivileges(YggdrasilSocialInteractionsService.java:112) ~[authlib-2.3.31.jar:?]
	at com.mojang.authlib.yggdrasil.YggdrasilSocialInteractionsService.<init>(YggdrasilSocialInteractionsService.java:42) ~[authlib-2.3.31.jar:?]
	at com.mojang.authlib.yggdrasil.YggdrasilAuthenticationService.createSocialInteractionsService(YggdrasilAuthenticationService.java:151) ~[authlib-2.3.31.jar:?]
	at net.minecraft.client.MinecraftClient.createSocialInteractionsService(MinecraftClient.java:683) [minecraft-1.17.1-mapped-net.fabricmc.yarn-1.17.1+build.63-v2.jar:?]
	at net.minecraft.client.MinecraftClient.<init>(MinecraftClient.java:496) [minecraft-1.17.1-mapped-net.fabricmc.yarn-1.17.1+build.63-v2.jar:?]
	at net.minecraft.client.main.Main.main(Main.java:153) [minecraft-1.17.1-mapped-net.fabricmc.yarn-1.17.1+build.63-v2.jar:?]
	at jdk.internal.reflect.NativeMethodAccessorImpl.invoke0(Native Method) ~[?:?]
	at jdk.internal.reflect.NativeMethodAccessorImpl.invoke(NativeMethodAccessorImpl.java:78) ~[?:?]
	at jdk.internal.reflect.DelegatingMethodAccessorImpl.invoke(DelegatingMethodAccessorImpl.java:43) ~[?:?]
	at java.lang.reflect.Method.invoke(Method.java:567) ~[?:?]
	at net.fabricmc.loader.game.MinecraftGameProvider.launch(MinecraftGameProvider.java:234) [fabric-loader-0.11.7.jar:?]
	at net.fabricmc.loader.launch.knot.Knot.launch(Knot.java:153) [fabric-loader-0.11.7.jar:?]
	at net.fabricmc.loader.launch.knot.KnotClient.main(KnotClient.java:28) [fabric-loader-0.11.7.jar:?]
	at net.fabricmc.devlaunchinjector.Main.main(Main.java:86) [dev-launch-injector-0.2.1+build.8.jar:?]
Caused by: com.mojang.authlib.exceptions.MinecraftClientHttpException: Status: 401
	at com.mojang.authlib.minecraft.client.MinecraftClient.readInputStream(MinecraftClient.java:77) ~[authlib-2.3.31.jar:?]
	at com.mojang.authlib.minecraft.client.MinecraftClient.get(MinecraftClient.java:47) ~[authlib-2.3.31.jar:?]
	at com.mojang.authlib.yggdrasil.YggdrasilSocialInteractionsService.checkPrivileges(YggdrasilSocialInteractionsService.java:104) ~[authlib-2.3.31.jar:?]
	... 13 more
[15:41:54] [Render thread/INFO] (Minecraft) Setting user: Player41
[15:41:54] [Render thread/WARN] (mixin) @Inject(@At("INVOKE")) Shift.BY=3 on fabric-lifecycle-events-v1.mixins.json:client.WorldChunkMixin::handler$zzn000$onLoadBlockEntity exceeds the maximum allowed value: 0. Increase the value of maxShiftBy to suppress this warning.
[15:41:55] [Render thread/INFO] (Minecraft) [STDOUT]: Registering Mod Items for vanilla_plus
[15:41:55] [Render thread/INFO] (Minecraft) [STDOUT]: Registering ModBlocks for vanilla_plus
[15:41:55] [Render thread/INFO] (vanilla_plus) Hello Fabric world!
[15:41:55] [Render thread/INFO] (Indigo) [Indigo] Registering Indigo renderer!
[15:41:55] [Render thread/INFO] (Minecraft) [STDOUT]: Registering Mod Items for vanilla_plus
[15:41:55] [Render thread/INFO] (Minecraft) [STDOUT]: Registering ModBlocks for vanilla_plus
[15:41:55] [Render thread/INFO] (vanilla_plus) Hello Fabric world!
[15:41:56] [Render thread/INFO] (Minecraft) Backend library: LWJGL version 3.2.2 build 10
[15:41:58] [Render thread/INFO] (Minecraft) Narrator library for x64 successfully loaded
[15:41:59] [Render thread/INFO] (Minecraft) Reloading ResourceManager: Default, Fabric Mods (Fabric Renderer API (v1), Fabric Key Bindings (v0), Fabric Loader, Fabric Transfer API (v1), Fabric Structure API (v1), Fabric Containers (v0), Fabric Dimensions API (v1), Fabric Object Builder API (v1), Fabric Game Rule API (v1), Fabric API Base, Fabric Rendering Data Attachment (v1), Fabric Textures (v0), Fabric Rendering Fluids (v1), Fabric BlockRenderLayer Registration (v1), Fabric Lifecycle Events (v1), Fabric Renderer Registries (v1), Fabric Loot Tables (v1), Fabric API, Fabric Particles (v1), Fabric Networking (v0), Fabric API Lookup API (v1), Fabric Networking Block Entity (v0), Fabric Screen Handler API (v1), Fabric Command API (v1), Fabric Screen API (v1), Fabric Tool Attribute API (v1), Fabric Renderer - Indigo, Fabric Crash Report Info (v1), Fabric Events Interaction (v0), Fabric Item API (v1), Fabric Entity Events (v1), Fabric Rendering (v0), Fabric Rendering (v1), Fabric Key Binding API (v1), Fabric Resource Loader (v0), Vanilla Plus, Fabric Content Registries (v0), Fabric Tag Extensions (v0), Fabric Biome API (v1), Fabric Game Test API (v1), Fabric Registry Sync (v0), Fabric Commands (v0), Fabric Mining Levels (v0), Fabric Networking API (v1), Fabric Events Lifecycle (v0), Fabric Models (v0), Fabric Item Groups (v0), Fabric Object Builders (v0)), Pyrix_rp_1.10.zip
[15:41:59] [Render thread/INFO] (vanilla_plus) This line is printed by an example mod mixin!
[15:42:00] [Worker-Main-12/WARN] (Minecraft) Unable to load model: 'minecraft:rail_raised_ne' referenced from: minecraft:powered_rail#powered=true,shape=north_south,waterlogged=true: java.io.FileNotFoundException: minecraft:models/rail_raised_ne.json
[15:42:00] [Worker-Main-12/WARN] (Minecraft) Unable to load model: 'minecraft:ladder' referenced from: minecraft:powered_rail#powered=true,shape=north_south,waterlogged=true: java.io.FileNotFoundException: minecraft:models/ladder.json
[15:42:00] [Realms Notification Availability checker #1/INFO] (Minecraft) Could not authorize you against Realms server: Invalid session id
[15:42:00] [Worker-Main-12/WARN] (Minecraft) Unable to load model: 'minecraft:rail_corner' referenced from: minecraft:rail#shape=north_south,waterlogged=true: java.io.FileNotFoundException: minecraft:models/rail_corner.json
[15:42:02] [Worker-Main-12/WARN] (Minecraft) Unable to load model: 'minecraft:cube/cube' referenced from: minecraft:lantern#hanging=true,waterlogged=true: java.io.FileNotFoundException: minecraft:models/cube/cube.json
[15:42:02] [Worker-Main-12/WARN] (Minecraft) Unable to load model: 'vanilla_plus:hollow_oak_log#inventory' referenced from: vanilla_plus:hollow_oak_log#inventory: java.io.FileNotFoundException: vanilla_plus:models/item/hollow_oak_log.json
[15:42:02] [Worker-Main-12/WARN] (Minecraft) Unable to load model: 'vanilla_plus:stripped_hollow_oak_log#inventory' referenced from: vanilla_plus:stripped_hollow_oak_log#inventory: java.io.FileNotFoundException: vanilla_plus:models/item/stripped_hollow_oak_log.json
[15:42:04] [Worker-Main-12/WARN] (Minecraft) Unable to resolve texture reference: #missing in minecraft:block/rail/powered_rail
[15:42:04] [Worker-Main-12/WARN] (Minecraft) Unable to resolve texture reference: #missing in minecraft:block/rail/detector_rail_on
[15:42:04] [Worker-Main-12/WARN] (Minecraft) Unable to resolve texture reference: #missing in minecraft:block/rail/detector_rail
[15:42:04] [Worker-Main-12/WARN] (Minecraft) Unable to resolve texture reference: #missing in minecraft:block/lodestone
[15:42:04] [Worker-Main-12/WARN] (Minecraft) Unable to resolve texture reference: #missing in minecraft:block/rail/rail_corner
[15:42:04] [Worker-Main-12/WARN] (Minecraft) Unable to resolve texture reference: #missing in minecraft:block/jack_o_lantern
[15:42:04] [Worker-Main-12/WARN] (Minecraft) Unable to resolve texture reference: #missing in minecraft:block/rail/detector_rail_on_raised_ne
[15:42:04] [Worker-Main-12/WARN] (Minecraft) Unable to resolve texture reference: #missing in minecraft:block/rail/activator_rail
[15:42:04] [Worker-Main-12/WARN] (Minecraft) Unable to resolve texture reference: #missing in minecraft:block/soul_lantern
[15:42:04] [Worker-Main-12/WARN] (Minecraft) Unable to resolve texture reference: #missing in minecraft:block/carved_pumpkin
[15:42:04] [Worker-Main-12/WARN] (Minecraft) Unable to resolve texture reference: #missing in minecraft:block/rail/activator_rail_on
[15:42:04] [Worker-Main-12/WARN] (Minecraft) Unable to resolve texture reference: #missing in minecraft:block/rail/powered_rail_on
[15:42:04] [Worker-Main-12/WARN] (Minecraft) Unable to resolve texture reference: #missing in minecraft:item/lodestone
[15:42:04] [Worker-Main-12/WARN] (Minecraft) Unable to resolve texture reference: #missing in minecraft:block/bookshelf
[15:42:04] [Worker-Main-12/WARN] (Minecraft) Unable to resolve texture reference: #missing in minecraft:block/bookshelf1
[15:42:04] [Worker-Main-12/WARN] (Minecraft) Unable to resolve texture reference: #missing in minecraft:block/bookshelf2
[15:42:04] [Worker-Main-12/WARN] (Minecraft) Unable to resolve texture reference: #missing in minecraft:block/lantern
[15:42:04] [Worker-Main-12/WARN] (Minecraft) Unable to resolve texture reference: #missing in minecraft:block/rail/detector_rail_raised_ne
[15:42:04] [Worker-Main-12/WARN] (Minecraft) Unable to resolve texture reference: #missing in minecraft:item/sniper
[15:42:04] [Worker-Main-12/WARN] (Minecraft) Unable to resolve texture reference: #missing in minecraft:item/laptop_1
[15:42:04] [Worker-Main-12/WARN] (Minecraft) Unable to resolve texture reference: #missing in minecraft:block/rail/rail
[15:42:04] [Worker-Main-12/WARN] (Minecraft) Unable to resolve texture reference: #missing in minecraft:item/bookshelf
[15:42:04] [Worker-Main-12/WARN] (Minecraft) Unable to resolve texture reference: #missing in minecraft:item/jack_o_lantern
[15:42:04] [Worker-Main-12/WARN] (Minecraft) Unable to resolve texture reference: #missing in minecraft:block/rail/detector_rail_raised_sw
[15:42:04] [Worker-Main-12/WARN] (Minecraft) Unable to resolve texture reference: #missing in minecraft:block/rail/detector_rail_on_raised_sw
[15:42:04] [Worker-Main-12/WARN] (Minecraft) Unable to resolve texture reference: #missing in minecraft:block/cactus/cactus_1east
[15:42:04] [Worker-Main-12/WARN] (Minecraft) Unable to resolve texture reference: #missing in minecraft:block/cactus/cactus_1north
[15:42:04] [Worker-Main-12/WARN] (Minecraft) Unable to resolve texture reference: #missing in minecraft:block/cactus/cactus_1south
[15:42:04] [Worker-Main-12/WARN] (Minecraft) Unable to resolve texture reference: #missing in minecraft:block/cactus/cactus_1west
[15:42:04] [Worker-Main-12/WARN] (Minecraft) Unable to resolve texture reference: #missing in minecraft:block/cactus/cactus_2east
[15:42:04] [Worker-Main-12/WARN] (Minecraft) Unable to resolve texture reference: #missing in minecraft:block/cactus/cactus_2north
[15:42:04] [Worker-Main-12/WARN] (Minecraft) Unable to resolve texture reference: #missing in minecraft:block/cactus/cactus_2south
[15:42:04] [Worker-Main-12/WARN] (Minecraft) Unable to resolve texture reference: #missing in minecraft:block/cactus/cactus_2west
[15:42:04] [Worker-Main-12/WARN] (Minecraft) Unable to resolve texture reference: #missing in minecraft:block/cactus/cactus_3east
[15:42:04] [Worker-Main-12/WARN] (Minecraft) Unable to resolve texture reference: #missing in minecraft:block/cactus/cactus_3north
[15:42:04] [Worker-Main-12/WARN] (Minecraft) Unable to resolve texture reference: #missing in minecraft:block/cactus/cactus_3south
[15:42:04] [Worker-Main-12/WARN] (Minecraft) Unable to resolve texture reference: #missing in minecraft:block/cactus/cactus_3west
[15:42:04] [Worker-Main-12/WARN] (Minecraft) Unable to resolve texture reference: #missing in minecraft:block/cactus/cactus_4east
[15:42:04] [Worker-Main-12/WARN] (Minecraft) Unable to resolve texture reference: #missing in minecraft:block/cactus/cactus_4north
[15:42:04] [Worker-Main-12/WARN] (Minecraft) Unable to resolve texture reference: #missing in minecraft:block/cactus/cactus_4south
[15:42:04] [Worker-Main-12/WARN] (Minecraft) Unable to resolve texture reference: #missing in minecraft:block/cactus/cactus_4west
[15:42:04] [Worker-Main-12/WARN] (Minecraft) Unable to resolve texture reference: #missing in minecraft:block/cactus/cactus_5east
[15:42:04] [Worker-Main-12/WARN] (Minecraft) Unable to resolve texture reference: #missing in minecraft:block/cactus/cactus_5north
[15:42:04] [Worker-Main-12/WARN] (Minecraft) Unable to resolve texture reference: #missing in minecraft:block/cactus/cactus_5south
[15:42:04] [Worker-Main-12/WARN] (Minecraft) Unable to resolve texture reference: #missing in minecraft:block/cactus/cactus_5west
[15:42:04] [Worker-Main-12/WARN] (Minecraft) Unable to resolve texture reference: #missing in minecraft:block/soul_lantern_hanging
[15:42:04] [Worker-Main-12/WARN] (Minecraft) Unable to resolve texture reference: #missing in minecraft:item/carved_pumpkin
[15:42:04] [Worker-Main-12/WARN] (Minecraft) Unable to resolve texture reference: #missing in minecraft:block/lantern_hanging
[15:42:04] [Worker-Main-12/WARN] (Minecraft) Unable to resolve texture reference: #bottom in minecraft:block/daylight_detector_inverted/13
[15:42:04] [Worker-Main-12/WARN] (Minecraft) Texture minecraft:item/modem_2_silver_antenna with size 8x8 limits mip level from 4 to 3
[15:42:04] [Worker-Main-12/WARN] (Minecraft) Texture minecraft:item/modem_2_silver with size 100x100 limits mip level from 3 to 2
[15:42:04] [Worker-Main-12/WARN] (Minecraft) Texture minecraft:block/powerlevel10 with size 18x18 limits mip level from 2 to 1
[15:42:04] [Worker-Main-12/WARN] (Minecraft) Texture minecraft:item/mouse_1 with size 15x15 limits mip level from 1 to 0
[15:42:04] [Worker-Main-12/WARN] (Minecraft) minecraft:textures/atlas/blocks.png: dropping miplevel from 4 to 0, because of minimum power of two: 1
[15:42:05] [Render thread/INFO] (Minecraft) OpenAL initialized.
[15:42:05] [Render thread/INFO] (Minecraft) Sound engine started
[15:42:06] [Render thread/INFO] (Minecraft) Created: 4096x2048x0 minecraft:textures/atlas/blocks.png-atlas
[15:42:06] [Render thread/INFO] (Minecraft) Created: 256x128x4 minecraft:textures/atlas/signs.png-atlas
[15:42:06] [Render thread/INFO] (Minecraft) Created: 1024x512x4 minecraft:textures/atlas/banner_patterns.png-atlas
[15:42:06] [Render thread/INFO] (Minecraft) Created: 1024x512x4 minecraft:textures/atlas/shield_patterns.png-atlas
[15:42:06] [Render thread/INFO] (Minecraft) Created: 256x256x4 minecraft:textures/atlas/chest.png-atlas
[15:42:06] [Render thread/INFO] (Minecraft) Created: 512x256x4 minecraft:textures/atlas/beds.png-atlas
[15:42:06] [Render thread/INFO] (Minecraft) Created: 512x256x4 minecraft:textures/atlas/shulker_boxes.png-atlas
[15:42:09] [Render thread/INFO] (Minecraft) Created: 256x256x0 minecraft:textures/atlas/particles.png-atlas
[15:42:09] [Render thread/INFO] (Minecraft) Created: 256x256x0 minecraft:textures/atlas/paintings.png-atlas
[15:42:09] [Render thread/INFO] (Minecraft) Created: 256x128x0 minecraft:textures/atlas/mob_effects.png-atlas
[15:42:09] [Render thread/INFO] (vanilla_plus) This line is printed by an example mod mixin!
[15:42:20] [Render thread/INFO] (vanilla_plus) This line is printed by an example mod mixin!
[15:42:23] [Render thread/WARN] (Minecraft) Ambiguity between arguments [teleport, location] and [teleport, destination] with inputs: [0.1 -0.5 .9, 0 0 0]
[15:42:23] [Render thread/WARN] (Minecraft) Ambiguity between arguments [teleport, location] and [teleport, targets] with inputs: [0.1 -0.5 .9, 0 0 0]
[15:42:23] [Render thread/WARN] (Minecraft) Ambiguity between arguments [teleport, destination] and [teleport, targets] with inputs: [Player, 0123, @e, dd12be42-52a9-4a91-a8a1-11c01849e498]
[15:42:23] [Render thread/WARN] (Minecraft) Ambiguity between arguments [teleport, targets] and [teleport, destination] with inputs: [Player, 0123, dd12be42-52a9-4a91-a8a1-11c01849e498]
[15:42:23] [Render thread/WARN] (Minecraft) Ambiguity between arguments [teleport, targets, location] and [teleport, targets, destination] with inputs: [0.1 -0.5 .9, 0 0 0]
[15:42:24] [Render thread/INFO] (Minecraft) Reloading ResourceManager: Default, Fabric Mods (Fabric Tool Attribute API (v1), Vanilla Plus, Fabric Game Test API (v1)), decorated_blocks_datapack
[15:42:25] [Render thread/ERROR] (Minecraft) Parsing error loading recipe vanilla_plus:decorated_stripped_warped_hyphae
com.google.gson.JsonSyntaxException: Unknown item 'vanilla_plus:decorated_stripped_warped_wood'
	at net.minecraft.recipe.ShapedRecipe.method_17878(ShapedRecipe.java:295) ~[minecraft-1.17.1-mapped-net.fabricmc.yarn-1.17.1+build.63-v2.jar:?]
	at java.util.Optional.orElseThrow(Optional.java:403) ~[?:?]
	at net.minecraft.recipe.ShapedRecipe.getItem(ShapedRecipe.java:295) ~[minecraft-1.17.1-mapped-net.fabricmc.yarn-1.17.1+build.63-v2.jar:?]
	at net.minecraft.recipe.ShapedRecipe.outputFromJson(ShapedRecipe.java:280) ~[minecraft-1.17.1-mapped-net.fabricmc.yarn-1.17.1+build.63-v2.jar:?]
	at net.minecraft.recipe.ShapedRecipe$Serializer.read(ShapedRecipe.java:313) ~[minecraft-1.17.1-mapped-net.fabricmc.yarn-1.17.1+build.63-v2.jar:?]
	at net.minecraft.recipe.ShapedRecipe$Serializer.read(ShapedRecipe.java:307) ~[minecraft-1.17.1-mapped-net.fabricmc.yarn-1.17.1+build.63-v2.jar:?]
	at net.minecraft.recipe.RecipeManager.deserialize(RecipeManager.java:235) ~[minecraft-1.17.1-mapped-net.fabricmc.yarn-1.17.1+build.63-v2.jar:?]
	at net.minecraft.recipe.RecipeManager.apply(RecipeManager.java:66) ~[minecraft-1.17.1-mapped-net.fabricmc.yarn-1.17.1+build.63-v2.jar:?]
	at net.minecraft.recipe.RecipeManager.apply(RecipeManager.java:53) ~[minecraft-1.17.1-mapped-net.fabricmc.yarn-1.17.1+build.63-v2.jar:?]
	at net.minecraft.resource.SinglePreparationResourceReloader.method_18790(SinglePreparationResourceReloader.java:21) ~[minecraft-1.17.1-mapped-net.fabricmc.yarn-1.17.1+build.63-v2.jar:?]
	at java.util.concurrent.CompletableFuture$UniAccept.tryFire(CompletableFuture.java:714) ~[?:?]
	at java.util.concurrent.CompletableFuture$Completion.run(CompletableFuture.java:478) ~[?:?]
	at net.minecraft.resource.SimpleResourceReload.method_18365(SimpleResourceReload.java:91) ~[minecraft-1.17.1-mapped-net.fabricmc.yarn-1.17.1+build.63-v2.jar:?]
	at net.minecraft.util.thread.ThreadExecutor.executeTask(ThreadExecutor.java:137) ~[minecraft-1.17.1-mapped-net.fabricmc.yarn-1.17.1+build.63-v2.jar:?]
	at net.minecraft.util.thread.ReentrantThreadExecutor.executeTask(ReentrantThreadExecutor.java:22) ~[minecraft-1.17.1-mapped-net.fabricmc.yarn-1.17.1+build.63-v2.jar:?]
	at net.minecraft.util.thread.ThreadExecutor.runTask(ThreadExecutor.java:110) ~[minecraft-1.17.1-mapped-net.fabricmc.yarn-1.17.1+build.63-v2.jar:?]
	at net.minecraft.util.thread.ThreadExecutor.runTasks(ThreadExecutor.java:120) ~[minecraft-1.17.1-mapped-net.fabricmc.yarn-1.17.1+build.63-v2.jar:?]
	at net.minecraft.client.MinecraftClient.createIntegratedResourceManager(MinecraftClient.java:2193) ~[minecraft-1.17.1-mapped-net.fabricmc.yarn-1.17.1+build.63-v2.jar:?]
	at net.minecraft.client.MinecraftClient.startIntegratedServer(MinecraftClient.java:2030) ~[minecraft-1.17.1-mapped-net.fabricmc.yarn-1.17.1+build.63-v2.jar:?]
	at net.minecraft.client.MinecraftClient.startIntegratedServer(MinecraftClient.java:1998) ~[minecraft-1.17.1-mapped-net.fabricmc.yarn-1.17.1+build.63-v2.jar:?]
	at net.minecraft.client.gui.screen.world.WorldListWidget$Entry.start(WorldListWidget.java:507) ~[minecraft-1.17.1-mapped-net.fabricmc.yarn-1.17.1+build.63-v2.jar:?]
	at net.minecraft.client.gui.screen.world.WorldListWidget$Entry.play(WorldListWidget.java:361) ~[minecraft-1.17.1-mapped-net.fabricmc.yarn-1.17.1+build.63-v2.jar:?]
	at net.minecraft.client.gui.screen.world.WorldListWidget$Entry.mouseClicked(WorldListWidget.java:288) ~[minecraft-1.17.1-mapped-net.fabricmc.yarn-1.17.1+build.63-v2.jar:?]
	at net.minecraft.client.gui.widget.EntryListWidget.mouseClicked(EntryListWidget.java:329) ~[minecraft-1.17.1-mapped-net.fabricmc.yarn-1.17.1+build.63-v2.jar:?]
	at net.minecraft.client.gui.ParentElement.mouseClicked(ParentElement.java:50) ~[minecraft-1.17.1-mapped-net.fabricmc.yarn-1.17.1+build.63-v2.jar:?]
	at net.minecraft.client.Mouse.method_1611(Mouse.java:87) ~[minecraft-1.17.1-mapped-net.fabricmc.yarn-1.17.1+build.63-v2.jar:?]
	at net.minecraft.client.gui.screen.Screen.wrapScreenError(Screen.java:507) ~[minecraft-1.17.1-mapped-net.fabricmc.yarn-1.17.1+build.63-v2.jar:?]
	at net.minecraft.client.Mouse.onMouseButton(Mouse.java:87) ~[minecraft-1.17.1-mapped-net.fabricmc.yarn-1.17.1+build.63-v2.jar:?]
	at net.minecraft.client.Mouse.method_22686(Mouse.java:175) ~[minecraft-1.17.1-mapped-net.fabricmc.yarn-1.17.1+build.63-v2.jar:?]
	at net.minecraft.util.thread.ThreadExecutor.execute(ThreadExecutor.java:88) ~[minecraft-1.17.1-mapped-net.fabricmc.yarn-1.17.1+build.63-v2.jar:?]
	at net.minecraft.client.Mouse.method_22684(Mouse.java:175) ~[minecraft-1.17.1-mapped-net.fabricmc.yarn-1.17.1+build.63-v2.jar:?]
	at org.lwjgl.glfw.GLFWMouseButtonCallbackI.callback(GLFWMouseButtonCallbackI.java:36) [lwjgl-glfw-3.2.2.jar:build 10]
	at org.lwjgl.system.JNI.invokeV(Native Method) ~[lwjgl-3.2.2.jar:build 10]
	at org.lwjgl.glfw.GLFW.glfwWaitEventsTimeout(GLFW.java:3174) [lwjgl-glfw-3.2.2.jar:build 10]
	at com.mojang.blaze3d.systems.RenderSystem.limitDisplayFPS(RenderSystem.java:158) [minecraft-1.17.1-mapped-net.fabricmc.yarn-1.17.1+build.63-v2.jar:?]
	at net.minecraft.client.MinecraftClient.render(MinecraftClient.java:1180) [minecraft-1.17.1-mapped-net.fabricmc.yarn-1.17.1+build.63-v2.jar:?]
	at net.minecraft.client.MinecraftClient.run(MinecraftClient.java:746) [minecraft-1.17.1-mapped-net.fabricmc.yarn-1.17.1+build.63-v2.jar:?]
	at net.minecraft.client.main.Main.main(Main.java:191) [minecraft-1.17.1-mapped-net.fabricmc.yarn-1.17.1+build.63-v2.jar:?]
	at jdk.internal.reflect.NativeMethodAccessorImpl.invoke0(Native Method) ~[?:?]
	at jdk.internal.reflect.NativeMethodAccessorImpl.invoke(NativeMethodAccessorImpl.java:78) ~[?:?]
	at jdk.internal.reflect.DelegatingMethodAccessorImpl.invoke(DelegatingMethodAccessorImpl.java:43) ~[?:?]
	at java.lang.reflect.Method.invoke(Method.java:567) ~[?:?]
	at net.fabricmc.loader.game.MinecraftGameProvider.launch(MinecraftGameProvider.java:234) [fabric-loader-0.11.7.jar:?]
	at net.fabricmc.loader.launch.knot.Knot.launch(Knot.java:153) [fabric-loader-0.11.7.jar:?]
	at net.fabricmc.loader.launch.knot.KnotClient.main(KnotClient.java:28) [fabric-loader-0.11.7.jar:?]
	at net.fabricmc.devlaunchinjector.Main.main(Main.java:86) [dev-launch-injector-0.2.1+build.8.jar:?]
[15:42:25] [Render thread/ERROR] (Minecraft) Parsing error loading recipe vanilla_plus:decorated_stripped_crimson_hyphae
com.google.gson.JsonSyntaxException: Unknown item 'vanilla_plus:decorated_stripped_crimson_wood'
	at net.minecraft.recipe.ShapedRecipe.method_17878(ShapedRecipe.java:295) ~[minecraft-1.17.1-mapped-net.fabricmc.yarn-1.17.1+build.63-v2.jar:?]
	at java.util.Optional.orElseThrow(Optional.java:403) ~[?:?]
	at net.minecraft.recipe.ShapedRecipe.getItem(ShapedRecipe.java:295) ~[minecraft-1.17.1-mapped-net.fabricmc.yarn-1.17.1+build.63-v2.jar:?]
	at net.minecraft.recipe.ShapedRecipe.outputFromJson(ShapedRecipe.java:280) ~[minecraft-1.17.1-mapped-net.fabricmc.yarn-1.17.1+build.63-v2.jar:?]
	at net.minecraft.recipe.ShapedRecipe$Serializer.read(ShapedRecipe.java:313) ~[minecraft-1.17.1-mapped-net.fabricmc.yarn-1.17.1+build.63-v2.jar:?]
	at net.minecraft.recipe.ShapedRecipe$Serializer.read(ShapedRecipe.java:307) ~[minecraft-1.17.1-mapped-net.fabricmc.yarn-1.17.1+build.63-v2.jar:?]
	at net.minecraft.recipe.RecipeManager.deserialize(RecipeManager.java:235) ~[minecraft-1.17.1-mapped-net.fabricmc.yarn-1.17.1+build.63-v2.jar:?]
	at net.minecraft.recipe.RecipeManager.apply(RecipeManager.java:66) ~[minecraft-1.17.1-mapped-net.fabricmc.yarn-1.17.1+build.63-v2.jar:?]
	at net.minecraft.recipe.RecipeManager.apply(RecipeManager.java:53) ~[minecraft-1.17.1-mapped-net.fabricmc.yarn-1.17.1+build.63-v2.jar:?]
	at net.minecraft.resource.SinglePreparationResourceReloader.method_18790(SinglePreparationResourceReloader.java:21) ~[minecraft-1.17.1-mapped-net.fabricmc.yarn-1.17.1+build.63-v2.jar:?]
	at java.util.concurrent.CompletableFuture$UniAccept.tryFire(CompletableFuture.java:714) ~[?:?]
	at java.util.concurrent.CompletableFuture$Completion.run(CompletableFuture.java:478) ~[?:?]
	at net.minecraft.resource.SimpleResourceReload.method_18365(SimpleResourceReload.java:91) ~[minecraft-1.17.1-mapped-net.fabricmc.yarn-1.17.1+build.63-v2.jar:?]
	at net.minecraft.util.thread.ThreadExecutor.executeTask(ThreadExecutor.java:137) ~[minecraft-1.17.1-mapped-net.fabricmc.yarn-1.17.1+build.63-v2.jar:?]
	at net.minecraft.util.thread.ReentrantThreadExecutor.executeTask(ReentrantThreadExecutor.java:22) ~[minecraft-1.17.1-mapped-net.fabricmc.yarn-1.17.1+build.63-v2.jar:?]
	at net.minecraft.util.thread.ThreadExecutor.runTask(ThreadExecutor.java:110) ~[minecraft-1.17.1-mapped-net.fabricmc.yarn-1.17.1+build.63-v2.jar:?]
	at net.minecraft.util.thread.ThreadExecutor.runTasks(ThreadExecutor.java:120) ~[minecraft-1.17.1-mapped-net.fabricmc.yarn-1.17.1+build.63-v2.jar:?]
	at net.minecraft.client.MinecraftClient.createIntegratedResourceManager(MinecraftClient.java:2193) ~[minecraft-1.17.1-mapped-net.fabricmc.yarn-1.17.1+build.63-v2.jar:?]
	at net.minecraft.client.MinecraftClient.startIntegratedServer(MinecraftClient.java:2030) ~[minecraft-1.17.1-mapped-net.fabricmc.yarn-1.17.1+build.63-v2.jar:?]
	at net.minecraft.client.MinecraftClient.startIntegratedServer(MinecraftClient.java:1998) ~[minecraft-1.17.1-mapped-net.fabricmc.yarn-1.17.1+build.63-v2.jar:?]
	at net.minecraft.client.gui.screen.world.WorldListWidget$Entry.start(WorldListWidget.java:507) ~[minecraft-1.17.1-mapped-net.fabricmc.yarn-1.17.1+build.63-v2.jar:?]
	at net.minecraft.client.gui.screen.world.WorldListWidget$Entry.play(WorldListWidget.java:361) ~[minecraft-1.17.1-mapped-net.fabricmc.yarn-1.17.1+build.63-v2.jar:?]
	at net.minecraft.client.gui.screen.world.WorldListWidget$Entry.mouseClicked(WorldListWidget.java:288) ~[minecraft-1.17.1-mapped-net.fabricmc.yarn-1.17.1+build.63-v2.jar:?]
	at net.minecraft.client.gui.widget.EntryListWidget.mouseClicked(EntryListWidget.java:329) ~[minecraft-1.17.1-mapped-net.fabricmc.yarn-1.17.1+build.63-v2.jar:?]
	at net.minecraft.client.gui.ParentElement.mouseClicked(ParentElement.java:50) ~[minecraft-1.17.1-mapped-net.fabricmc.yarn-1.17.1+build.63-v2.jar:?]
	at net.minecraft.client.Mouse.method_1611(Mouse.java:87) ~[minecraft-1.17.1-mapped-net.fabricmc.yarn-1.17.1+build.63-v2.jar:?]
	at net.minecraft.client.gui.screen.Screen.wrapScreenError(Screen.java:507) ~[minecraft-1.17.1-mapped-net.fabricmc.yarn-1.17.1+build.63-v2.jar:?]
	at net.minecraft.client.Mouse.onMouseButton(Mouse.java:87) ~[minecraft-1.17.1-mapped-net.fabricmc.yarn-1.17.1+build.63-v2.jar:?]
	at net.minecraft.client.Mouse.method_22686(Mouse.java:175) ~[minecraft-1.17.1-mapped-net.fabricmc.yarn-1.17.1+build.63-v2.jar:?]
	at net.minecraft.util.thread.ThreadExecutor.execute(ThreadExecutor.java:88) ~[minecraft-1.17.1-mapped-net.fabricmc.yarn-1.17.1+build.63-v2.jar:?]
	at net.minecraft.client.Mouse.method_22684(Mouse.java:175) ~[minecraft-1.17.1-mapped-net.fabricmc.yarn-1.17.1+build.63-v2.jar:?]
	at org.lwjgl.glfw.GLFWMouseButtonCallbackI.callback(GLFWMouseButtonCallbackI.java:36) [lwjgl-glfw-3.2.2.jar:build 10]
	at org.lwjgl.system.JNI.invokeV(Native Method) ~[lwjgl-3.2.2.jar:build 10]
	at org.lwjgl.glfw.GLFW.glfwWaitEventsTimeout(GLFW.java:3174) [lwjgl-glfw-3.2.2.jar:build 10]
	at com.mojang.blaze3d.systems.RenderSystem.limitDisplayFPS(RenderSystem.java:158) [minecraft-1.17.1-mapped-net.fabricmc.yarn-1.17.1+build.63-v2.jar:?]
	at net.minecraft.client.MinecraftClient.render(MinecraftClient.java:1180) [minecraft-1.17.1-mapped-net.fabricmc.yarn-1.17.1+build.63-v2.jar:?]
	at net.minecraft.client.MinecraftClient.run(MinecraftClient.java:746) [minecraft-1.17.1-mapped-net.fabricmc.yarn-1.17.1+build.63-v2.jar:?]
	at net.minecraft.client.main.Main.main(Main.java:191) [minecraft-1.17.1-mapped-net.fabricmc.yarn-1.17.1+build.63-v2.jar:?]
	at jdk.internal.reflect.NativeMethodAccessorImpl.invoke0(Native Method) ~[?:?]
	at jdk.internal.reflect.NativeMethodAccessorImpl.invoke(NativeMethodAccessorImpl.java:78) ~[?:?]
	at jdk.internal.reflect.DelegatingMethodAccessorImpl.invoke(DelegatingMethodAccessorImpl.java:43) ~[?:?]
	at java.lang.reflect.Method.invoke(Method.java:567) ~[?:?]
	at net.fabricmc.loader.game.MinecraftGameProvider.launch(MinecraftGameProvider.java:234) [fabric-loader-0.11.7.jar:?]
	at net.fabricmc.loader.launch.knot.Knot.launch(Knot.java:153) [fabric-loader-0.11.7.jar:?]
	at net.fabricmc.loader.launch.knot.KnotClient.main(KnotClient.java:28) [fabric-loader-0.11.7.jar:?]
	at net.fabricmc.devlaunchinjector.Main.main(Main.java:86) [dev-launch-injector-0.2.1+build.8.jar:?]
[15:42:25] [Render thread/ERROR] (Minecraft) Parsing error loading recipe vanilla_plus:decorated_warped_hyphae
com.google.gson.JsonSyntaxException: Unknown item 'vanilla_plus:decorated_warped_wood'
	at net.minecraft.recipe.ShapedRecipe.method_17878(ShapedRecipe.java:295) ~[minecraft-1.17.1-mapped-net.fabricmc.yarn-1.17.1+build.63-v2.jar:?]
	at java.util.Optional.orElseThrow(Optional.java:403) ~[?:?]
	at net.minecraft.recipe.ShapedRecipe.getItem(ShapedRecipe.java:295) ~[minecraft-1.17.1-mapped-net.fabricmc.yarn-1.17.1+build.63-v2.jar:?]
	at net.minecraft.recipe.ShapedRecipe.outputFromJson(ShapedRecipe.java:280) ~[minecraft-1.17.1-mapped-net.fabricmc.yarn-1.17.1+build.63-v2.jar:?]
	at net.minecraft.recipe.ShapedRecipe$Serializer.read(ShapedRecipe.java:313) ~[minecraft-1.17.1-mapped-net.fabricmc.yarn-1.17.1+build.63-v2.jar:?]
	at net.minecraft.recipe.ShapedRecipe$Serializer.read(ShapedRecipe.java:307) ~[minecraft-1.17.1-mapped-net.fabricmc.yarn-1.17.1+build.63-v2.jar:?]
	at net.minecraft.recipe.RecipeManager.deserialize(RecipeManager.java:235) ~[minecraft-1.17.1-mapped-net.fabricmc.yarn-1.17.1+build.63-v2.jar:?]
	at net.minecraft.recipe.RecipeManager.apply(RecipeManager.java:66) ~[minecraft-1.17.1-mapped-net.fabricmc.yarn-1.17.1+build.63-v2.jar:?]
	at net.minecraft.recipe.RecipeManager.apply(RecipeManager.java:53) ~[minecraft-1.17.1-mapped-net.fabricmc.yarn-1.17.1+build.63-v2.jar:?]
	at net.minecraft.resource.SinglePreparationResourceReloader.method_18790(SinglePreparationResourceReloader.java:21) ~[minecraft-1.17.1-mapped-net.fabricmc.yarn-1.17.1+build.63-v2.jar:?]
	at java.util.concurrent.CompletableFuture$UniAccept.tryFire(CompletableFuture.java:714) ~[?:?]
	at java.util.concurrent.CompletableFuture$Completion.run(CompletableFuture.java:478) ~[?:?]
	at net.minecraft.resource.SimpleResourceReload.method_18365(SimpleResourceReload.java:91) ~[minecraft-1.17.1-mapped-net.fabricmc.yarn-1.17.1+build.63-v2.jar:?]
	at net.minecraft.util.thread.ThreadExecutor.executeTask(ThreadExecutor.java:137) ~[minecraft-1.17.1-mapped-net.fabricmc.yarn-1.17.1+build.63-v2.jar:?]
	at net.minecraft.util.thread.ReentrantThreadExecutor.executeTask(ReentrantThreadExecutor.java:22) ~[minecraft-1.17.1-mapped-net.fabricmc.yarn-1.17.1+build.63-v2.jar:?]
	at net.minecraft.util.thread.ThreadExecutor.runTask(ThreadExecutor.java:110) ~[minecraft-1.17.1-mapped-net.fabricmc.yarn-1.17.1+build.63-v2.jar:?]
	at net.minecraft.util.thread.ThreadExecutor.runTasks(ThreadExecutor.java:120) ~[minecraft-1.17.1-mapped-net.fabricmc.yarn-1.17.1+build.63-v2.jar:?]
	at net.minecraft.client.MinecraftClient.createIntegratedResourceManager(MinecraftClient.java:2193) ~[minecraft-1.17.1-mapped-net.fabricmc.yarn-1.17.1+build.63-v2.jar:?]
	at net.minecraft.client.MinecraftClient.startIntegratedServer(MinecraftClient.java:2030) ~[minecraft-1.17.1-mapped-net.fabricmc.yarn-1.17.1+build.63-v2.jar:?]
	at net.minecraft.client.MinecraftClient.startIntegratedServer(MinecraftClient.java:1998) ~[minecraft-1.17.1-mapped-net.fabricmc.yarn-1.17.1+build.63-v2.jar:?]
	at net.minecraft.client.gui.screen.world.WorldListWidget$Entry.start(WorldListWidget.java:507) ~[minecraft-1.17.1-mapped-net.fabricmc.yarn-1.17.1+build.63-v2.jar:?]
	at net.minecraft.client.gui.screen.world.WorldListWidget$Entry.play(WorldListWidget.java:361) ~[minecraft-1.17.1-mapped-net.fabricmc.yarn-1.17.1+build.63-v2.jar:?]
	at net.minecraft.client.gui.screen.world.WorldListWidget$Entry.mouseClicked(WorldListWidget.java:288) ~[minecraft-1.17.1-mapped-net.fabricmc.yarn-1.17.1+build.63-v2.jar:?]
	at net.minecraft.client.gui.widget.EntryListWidget.mouseClicked(EntryListWidget.java:329) ~[minecraft-1.17.1-mapped-net.fabricmc.yarn-1.17.1+build.63-v2.jar:?]
	at net.minecraft.client.gui.ParentElement.mouseClicked(ParentElement.java:50) ~[minecraft-1.17.1-mapped-net.fabricmc.yarn-1.17.1+build.63-v2.jar:?]
	at net.minecraft.client.Mouse.method_1611(Mouse.java:87) ~[minecraft-1.17.1-mapped-net.fabricmc.yarn-1.17.1+build.63-v2.jar:?]
	at net.minecraft.client.gui.screen.Screen.wrapScreenError(Screen.java:507) ~[minecraft-1.17.1-mapped-net.fabricmc.yarn-1.17.1+build.63-v2.jar:?]
	at net.minecraft.client.Mouse.onMouseButton(Mouse.java:87) ~[minecraft-1.17.1-mapped-net.fabricmc.yarn-1.17.1+build.63-v2.jar:?]
	at net.minecraft.client.Mouse.method_22686(Mouse.java:175) ~[minecraft-1.17.1-mapped-net.fabricmc.yarn-1.17.1+build.63-v2.jar:?]
	at net.minecraft.util.thread.ThreadExecutor.execute(ThreadExecutor.java:88) ~[minecraft-1.17.1-mapped-net.fabricmc.yarn-1.17.1+build.63-v2.jar:?]
	at net.minecraft.client.Mouse.method_22684(Mouse.java:175) ~[minecraft-1.17.1-mapped-net.fabricmc.yarn-1.17.1+build.63-v2.jar:?]
	at org.lwjgl.glfw.GLFWMouseButtonCallbackI.callback(GLFWMouseButtonCallbackI.java:36) [lwjgl-glfw-3.2.2.jar:build 10]
	at org.lwjgl.system.JNI.invokeV(Native Method) ~[lwjgl-3.2.2.jar:build 10]
	at org.lwjgl.glfw.GLFW.glfwWaitEventsTimeout(GLFW.java:3174) [lwjgl-glfw-3.2.2.jar:build 10]
	at com.mojang.blaze3d.systems.RenderSystem.limitDisplayFPS(RenderSystem.java:158) [minecraft-1.17.1-mapped-net.fabricmc.yarn-1.17.1+build.63-v2.jar:?]
	at net.minecraft.client.MinecraftClient.render(MinecraftClient.java:1180) [minecraft-1.17.1-mapped-net.fabricmc.yarn-1.17.1+build.63-v2.jar:?]
	at net.minecraft.client.MinecraftClient.run(MinecraftClient.java:746) [minecraft-1.17.1-mapped-net.fabricmc.yarn-1.17.1+build.63-v2.jar:?]
	at net.minecraft.client.main.Main.main(Main.java:191) [minecraft-1.17.1-mapped-net.fabricmc.yarn-1.17.1+build.63-v2.jar:?]
	at jdk.internal.reflect.NativeMethodAccessorImpl.invoke0(Native Method) ~[?:?]
	at jdk.internal.reflect.NativeMethodAccessorImpl.invoke(NativeMethodAccessorImpl.java:78) ~[?:?]
	at jdk.internal.reflect.DelegatingMethodAccessorImpl.invoke(DelegatingMethodAccessorImpl.java:43) ~[?:?]
	at java.lang.reflect.Method.invoke(Method.java:567) ~[?:?]
	at net.fabricmc.loader.game.MinecraftGameProvider.launch(MinecraftGameProvider.java:234) [fabric-loader-0.11.7.jar:?]
	at net.fabricmc.loader.launch.knot.Knot.launch(Knot.java:153) [fabric-loader-0.11.7.jar:?]
	at net.fabricmc.loader.launch.knot.KnotClient.main(KnotClient.java:28) [fabric-loader-0.11.7.jar:?]
	at net.fabricmc.devlaunchinjector.Main.main(Main.java:86) [dev-launch-injector-0.2.1+build.8.jar:?]
[15:42:25] [Render thread/ERROR] (Minecraft) Parsing error loading recipe vanilla_plus:decorated_crimson_hyphae
com.google.gson.JsonSyntaxException: Unknown item 'vanilla_plus:decorated_crimson_wood'
	at net.minecraft.recipe.ShapedRecipe.method_17878(ShapedRecipe.java:295) ~[minecraft-1.17.1-mapped-net.fabricmc.yarn-1.17.1+build.63-v2.jar:?]
	at java.util.Optional.orElseThrow(Optional.java:403) ~[?:?]
	at net.minecraft.recipe.ShapedRecipe.getItem(ShapedRecipe.java:295) ~[minecraft-1.17.1-mapped-net.fabricmc.yarn-1.17.1+build.63-v2.jar:?]
	at net.minecraft.recipe.ShapedRecipe.outputFromJson(ShapedRecipe.java:280) ~[minecraft-1.17.1-mapped-net.fabricmc.yarn-1.17.1+build.63-v2.jar:?]
	at net.minecraft.recipe.ShapedRecipe$Serializer.read(ShapedRecipe.java:313) ~[minecraft-1.17.1-mapped-net.fabricmc.yarn-1.17.1+build.63-v2.jar:?]
	at net.minecraft.recipe.ShapedRecipe$Serializer.read(ShapedRecipe.java:307) ~[minecraft-1.17.1-mapped-net.fabricmc.yarn-1.17.1+build.63-v2.jar:?]
	at net.minecraft.recipe.RecipeManager.deserialize(RecipeManager.java:235) ~[minecraft-1.17.1-mapped-net.fabricmc.yarn-1.17.1+build.63-v2.jar:?]
	at net.minecraft.recipe.RecipeManager.apply(RecipeManager.java:66) ~[minecraft-1.17.1-mapped-net.fabricmc.yarn-1.17.1+build.63-v2.jar:?]
	at net.minecraft.recipe.RecipeManager.apply(RecipeManager.java:53) ~[minecraft-1.17.1-mapped-net.fabricmc.yarn-1.17.1+build.63-v2.jar:?]
	at net.minecraft.resource.SinglePreparationResourceReloader.method_18790(SinglePreparationResourceReloader.java:21) ~[minecraft-1.17.1-mapped-net.fabricmc.yarn-1.17.1+build.63-v2.jar:?]
	at java.util.concurrent.CompletableFuture$UniAccept.tryFire(CompletableFuture.java:714) ~[?:?]
	at java.util.concurrent.CompletableFuture$Completion.run(CompletableFuture.java:478) ~[?:?]
	at net.minecraft.resource.SimpleResourceReload.method_18365(SimpleResourceReload.java:91) ~[minecraft-1.17.1-mapped-net.fabricmc.yarn-1.17.1+build.63-v2.jar:?]
	at net.minecraft.util.thread.ThreadExecutor.executeTask(ThreadExecutor.java:137) ~[minecraft-1.17.1-mapped-net.fabricmc.yarn-1.17.1+build.63-v2.jar:?]
	at net.minecraft.util.thread.ReentrantThreadExecutor.executeTask(ReentrantThreadExecutor.java:22) ~[minecraft-1.17.1-mapped-net.fabricmc.yarn-1.17.1+build.63-v2.jar:?]
	at net.minecraft.util.thread.ThreadExecutor.runTask(ThreadExecutor.java:110) ~[minecraft-1.17.1-mapped-net.fabricmc.yarn-1.17.1+build.63-v2.jar:?]
	at net.minecraft.util.thread.ThreadExecutor.runTasks(ThreadExecutor.java:120) ~[minecraft-1.17.1-mapped-net.fabricmc.yarn-1.17.1+build.63-v2.jar:?]
	at net.minecraft.client.MinecraftClient.createIntegratedResourceManager(MinecraftClient.java:2193) ~[minecraft-1.17.1-mapped-net.fabricmc.yarn-1.17.1+build.63-v2.jar:?]
	at net.minecraft.client.MinecraftClient.startIntegratedServer(MinecraftClient.java:2030) ~[minecraft-1.17.1-mapped-net.fabricmc.yarn-1.17.1+build.63-v2.jar:?]
	at net.minecraft.client.MinecraftClient.startIntegratedServer(MinecraftClient.java:1998) ~[minecraft-1.17.1-mapped-net.fabricmc.yarn-1.17.1+build.63-v2.jar:?]
	at net.minecraft.client.gui.screen.world.WorldListWidget$Entry.start(WorldListWidget.java:507) ~[minecraft-1.17.1-mapped-net.fabricmc.yarn-1.17.1+build.63-v2.jar:?]
	at net.minecraft.client.gui.screen.world.WorldListWidget$Entry.play(WorldListWidget.java:361) ~[minecraft-1.17.1-mapped-net.fabricmc.yarn-1.17.1+build.63-v2.jar:?]
	at net.minecraft.client.gui.screen.world.WorldListWidget$Entry.mouseClicked(WorldListWidget.java:288) ~[minecraft-1.17.1-mapped-net.fabricmc.yarn-1.17.1+build.63-v2.jar:?]
	at net.minecraft.client.gui.widget.EntryListWidget.mouseClicked(EntryListWidget.java:329) ~[minecraft-1.17.1-mapped-net.fabricmc.yarn-1.17.1+build.63-v2.jar:?]
	at net.minecraft.client.gui.ParentElement.mouseClicked(ParentElement.java:50) ~[minecraft-1.17.1-mapped-net.fabricmc.yarn-1.17.1+build.63-v2.jar:?]
	at net.minecraft.client.Mouse.method_1611(Mouse.java:87) ~[minecraft-1.17.1-mapped-net.fabricmc.yarn-1.17.1+build.63-v2.jar:?]
	at net.minecraft.client.gui.screen.Screen.wrapScreenError(Screen.java:507) ~[minecraft-1.17.1-mapped-net.fabricmc.yarn-1.17.1+build.63-v2.jar:?]
	at net.minecraft.client.Mouse.onMouseButton(Mouse.java:87) ~[minecraft-1.17.1-mapped-net.fabricmc.yarn-1.17.1+build.63-v2.jar:?]
	at net.minecraft.client.Mouse.method_22686(Mouse.java:175) ~[minecraft-1.17.1-mapped-net.fabricmc.yarn-1.17.1+build.63-v2.jar:?]
	at net.minecraft.util.thread.ThreadExecutor.execute(ThreadExecutor.java:88) ~[minecraft-1.17.1-mapped-net.fabricmc.yarn-1.17.1+build.63-v2.jar:?]
	at net.minecraft.client.Mouse.method_22684(Mouse.java:175) ~[minecraft-1.17.1-mapped-net.fabricmc.yarn-1.17.1+build.63-v2.jar:?]
	at org.lwjgl.glfw.GLFWMouseButtonCallbackI.callback(GLFWMouseButtonCallbackI.java:36) [lwjgl-glfw-3.2.2.jar:build 10]
	at org.lwjgl.system.JNI.invokeV(Native Method) ~[lwjgl-3.2.2.jar:build 10]
	at org.lwjgl.glfw.GLFW.glfwWaitEventsTimeout(GLFW.java:3174) [lwjgl-glfw-3.2.2.jar:build 10]
	at com.mojang.blaze3d.systems.RenderSystem.limitDisplayFPS(RenderSystem.java:158) [minecraft-1.17.1-mapped-net.fabricmc.yarn-1.17.1+build.63-v2.jar:?]
	at net.minecraft.client.MinecraftClient.render(MinecraftClient.java:1180) [minecraft-1.17.1-mapped-net.fabricmc.yarn-1.17.1+build.63-v2.jar:?]
	at net.minecraft.client.MinecraftClient.run(MinecraftClient.java:746) [minecraft-1.17.1-mapped-net.fabricmc.yarn-1.17.1+build.63-v2.jar:?]
	at net.minecraft.client.main.Main.main(Main.java:191) [minecraft-1.17.1-mapped-net.fabricmc.yarn-1.17.1+build.63-v2.jar:?]
	at jdk.internal.reflect.NativeMethodAccessorImpl.invoke0(Native Method) ~[?:?]
	at jdk.internal.reflect.NativeMethodAccessorImpl.invoke(NativeMethodAccessorImpl.java:78) ~[?:?]
	at jdk.internal.reflect.DelegatingMethodAccessorImpl.invoke(DelegatingMethodAccessorImpl.java:43) ~[?:?]
	at java.lang.reflect.Method.invoke(Method.java:567) ~[?:?]
	at net.fabricmc.loader.game.MinecraftGameProvider.launch(MinecraftGameProvider.java:234) [fabric-loader-0.11.7.jar:?]
	at net.fabricmc.loader.launch.knot.Knot.launch(Knot.java:153) [fabric-loader-0.11.7.jar:?]
	at net.fabricmc.loader.launch.knot.KnotClient.main(KnotClient.java:28) [fabric-loader-0.11.7.jar:?]
	at net.fabricmc.devlaunchinjector.Main.main(Main.java:86) [dev-launch-injector-0.2.1+build.8.jar:?]
[15:42:25] [Render thread/INFO] (Minecraft) Loaded 7 recipes
[15:42:25] [Render thread/INFO] (Minecraft) Loaded 1139 advancements
[15:42:25] [Render thread/INFO] (BiomeModificationImpl) Applied 0 biome modifications to 0 of 81 new biomes in 4.227 ms
[15:42:27] [Render thread/INFO] (Minecraft) Environment: authHost='https://authserver.mojang.com', accountsHost='https://api.mojang.com', sessionHost='https://sessionserver.mojang.com', servicesHost='https://api.minecraftservices.com', name='PROD'
[15:42:27] [Server thread/INFO] (Minecraft) Starting integrated minecraft server version 1.17.1
[15:42:27] [Server thread/INFO] (Minecraft) Generating keypair
[15:42:28] [Server thread/INFO] (Minecraft) Preparing start region for dimension minecraft:overworld
[15:42:29] [Render thread/INFO] (Minecraft) Preparing spawn area: 0%
[15:42:36] [Render thread/INFO] (Minecraft) Preparing spawn area: 0%
[15:42:36] [Render thread/INFO] (Minecraft) Preparing spawn area: 0%
[15:42:36] [Render thread/INFO] (Minecraft) Preparing spawn area: 0%
[15:42:36] [Render thread/INFO] (Minecraft) Preparing spawn area: 0%
[15:42:36] [Render thread/INFO] (Minecraft) Preparing spawn area: 0%
[15:42:36] [Render thread/INFO] (Minecraft) Preparing spawn area: 0%
[15:42:36] [Render thread/INFO] (Minecraft) Preparing spawn area: 0%
[15:42:36] [Render thread/INFO] (Minecraft) Preparing spawn area: 0%
[15:42:36] [Render thread/INFO] (Minecraft) Preparing spawn area: 0%
[15:42:36] [Render thread/INFO] (Minecraft) Preparing spawn area: 0%
[15:42:36] [Render thread/INFO] (Minecraft) Preparing spawn area: 0%
[15:42:36] [Render thread/INFO] (Minecraft) Preparing spawn area: 0%
[15:42:36] [Render thread/INFO] (Minecraft) Preparing spawn area: 0%
[15:42:36] [Render thread/INFO] (Minecraft) Preparing spawn area: 0%
[15:42:36] [Render thread/INFO] (Minecraft) Preparing spawn area: 0%
[15:42:36] [Render thread/INFO] (Minecraft) Preparing spawn area: 0%
[15:42:36] [Render thread/INFO] (Minecraft) Preparing spawn area: 0%
[15:42:37] [Render thread/INFO] (Minecraft) Preparing spawn area: 53%
[15:42:38] [Render thread/INFO] (Minecraft) Preparing spawn area: 69%
[15:42:38] [Render thread/INFO] (Minecraft) Preparing spawn area: 73%
[15:42:39] [Render thread/INFO] (Minecraft) Preparing spawn area: 83%
[15:42:39] [Render thread/INFO] (Minecraft) Preparing spawn area: 83%
[15:42:39] [Render thread/INFO] (Minecraft) Preparing spawn area: 83%
[15:42:40] [Render thread/INFO] (Minecraft) Preparing spawn area: 95%
[15:42:41] [Render thread/INFO] (Minecraft) Time elapsed: 12810 ms
[15:42:41] [Server thread/INFO] (Minecraft) Changing view distance to 9, from 10
[15:42:42] [Server thread/INFO] (Minecraft) Player41[local:E:1d545ca5] logged in with entity id 94 at (-101.2465866217386, 63.0, -87.932843854649)
[15:42:43] [Server thread/INFO] (Minecraft) Player41 joined the game
[15:42:44] [Server thread/INFO] (Minecraft) Saving and pausing game...
[15:42:44] [Server thread/INFO] (Minecraft) Saving chunks for level 'ServerLevel[Vanilla Plus]'/minecraft:overworld
[15:42:44] [Render thread/INFO] (Minecraft) Loaded 31 advancements
[15:42:47] [Server thread/INFO] (Minecraft) Saving chunks for level 'ServerLevel[Vanilla Plus]'/minecraft:the_nether
[15:42:47] [Server thread/INFO] (Minecraft) Saving chunks for level 'ServerLevel[Vanilla Plus]'/minecraft:the_end
[15:42:47] [Server thread/WARN] (Minecraft) Can't keep up! Is the server overloaded? Running 5170ms or 103 ticks behind
[15:44:14] [Server thread/INFO] (Minecraft) Saving and pausing game...
[15:44:14] [Server thread/INFO] (Minecraft) Saving chunks for level 'ServerLevel[Vanilla Plus]'/minecraft:overworld
[15:44:14] [Server thread/INFO] (Minecraft) Saving chunks for level 'ServerLevel[Vanilla Plus]'/minecraft:the_nether
[15:44:14] [Server thread/INFO] (Minecraft) Saving chunks for level 'ServerLevel[Vanilla Plus]'/minecraft:the_end
[15:45:04] [Render thread/INFO] (Minecraft) Loaded 37 advancements
[15:45:33] [Server thread/INFO] (Minecraft) Saving and pausing game...
[15:45:33] [Server thread/INFO] (Minecraft) Saving chunks for level 'ServerLevel[Vanilla Plus]'/minecraft:overworld
[15:45:33] [Server thread/INFO] (Minecraft) Saving chunks for level 'ServerLevel[Vanilla Plus]'/minecraft:the_nether
[15:45:33] [Server thread/INFO] (Minecraft) Saving chunks for level 'ServerLevel[Vanilla Plus]'/minecraft:the_end
[15:45:35] [Server thread/INFO] (Minecraft) Player41 lost connection: Disconnected
[15:45:35] [Server thread/INFO] (Minecraft) Player41 left the game
[15:45:35] [Server thread/INFO] (Minecraft) Stopping singleplayer server as player logged out
[15:45:35] [Server thread/INFO] (Minecraft) Stopping server
[15:45:35] [Server thread/INFO] (Minecraft) Saving players
[15:45:35] [Server thread/INFO] (Minecraft) Saving worlds
[15:45:35] [Server thread/INFO] (Minecraft) Saving chunks for level 'ServerLevel[Vanilla Plus]'/minecraft:overworld
[15:45:35] [Server thread/INFO] (Minecraft) Saving chunks for level 'ServerLevel[Vanilla Plus]'/minecraft:the_nether
[15:45:35] [Server thread/INFO] (Minecraft) Saving chunks for level 'ServerLevel[Vanilla Plus]'/minecraft:the_end
[15:45:35] [Server thread/INFO] (Minecraft) ThreadedAnvilChunkStorage (Vanilla Plus (1)): All chunks are saved
[15:45:35] [Server thread/INFO] (Minecraft) ThreadedAnvilChunkStorage (DIM-1): All chunks are saved
[15:45:35] [Server thread/INFO] (Minecraft) ThreadedAnvilChunkStorage (DIM1): All chunks are saved
[15:45:35] [Server thread/INFO] (Minecraft) ThreadedAnvilChunkStorage: All dimensions are saved
[15:45:35] [Render thread/INFO] (vanilla_plus) This line is printed by an example mod mixin!
[15:45:35] [Render thread/INFO] (Minecraft) Stopping!
